2017/06/21 13:14:17 INFO  - jmeter.util.JMeterUtils: Setting Locale to en 
2017/06/21 13:14:18 INFO  - jmeter.JMeter: Loading user properties from: /opt/apache-jmeter-3.1/bin/user.properties 
2017/06/21 13:14:18 INFO  - jmeter.JMeter: Loading system properties from: /opt/apache-jmeter-3.1/bin/system.properties 
2017/06/21 13:14:19 INFO  - jmeter.JMeter: Copyright (c) 1998-2016 The Apache Software Foundation 
2017/06/21 13:14:19 INFO  - jmeter.JMeter: Version 3.1 r1770033 
2017/06/21 13:14:19 INFO  - jmeter.JMeter: java.version=1.8.0_131 
2017/06/21 13:14:19 INFO  - jmeter.JMeter: java.vm.name=OpenJDK 64-Bit Server VM 
2017/06/21 13:14:19 INFO  - jmeter.JMeter: os.name=Linux 
2017/06/21 13:14:19 INFO  - jmeter.JMeter: os.arch=amd64 
2017/06/21 13:14:19 INFO  - jmeter.JMeter: os.version=4.4.0-81-generic 
2017/06/21 13:14:19 INFO  - jmeter.JMeter: file.encoding=UTF-8 
2017/06/21 13:14:19 INFO  - jmeter.JMeter: Max memory     =3726639104 
2017/06/21 13:14:19 INFO  - jmeter.JMeter: Available Processors =4 
2017/06/21 13:14:19 INFO  - jmeter.JMeter: Default Locale=中文 (中国) 
2017/06/21 13:14:19 INFO  - jmeter.JMeter: JMeter  Locale=英文 
2017/06/21 13:14:19 INFO  - jmeter.JMeter: JMeterHome=/opt/apache-jmeter-3.1 
2017/06/21 13:14:19 INFO  - jmeter.JMeter: user.dir  =/home/dushanshan/文档/jmeterTestCase/pyworkplace_dss_bk_0531/ReadandUpdatejmx/verifysum 
2017/06/21 13:14:19 INFO  - jmeter.JMeter: PWD       =/home/dushanshan/文档/jmeterTestCase/pyworkplace_dss_bk_0531/ReadandUpdatejmx/verifysum 
2017/06/21 13:14:19 INFO  - jmeter.JMeter: IP: 127.0.1.1 Name: dss FullName: dss 
2017/06/21 13:14:19 INFO  - jmeter.services.FileServer: Default base='/home/dushanshan/文档/jmeterTestCase/pyworkplace_dss_bk_0531/ReadandUpdatejmx/verifysum' 
2017/06/21 13:14:19 INFO  - jmeter.services.FileServer: Set new base='/home/dushanshan/文档/jmeterTestCase/pyworkplace_dss_bk_0531/ReadandUpdatejmx/verifysum' 
2017/06/21 13:14:20 INFO  - jmeter.save.SaveService: Testplan (JMX) version: 2.2. Testlog (JTL) version: 2.2 
2017/06/21 13:14:21 INFO  - jmeter.save.SaveService: Using SaveService properties file encoding UTF-8 
2017/06/21 13:14:21 INFO  - jmeter.save.SaveService: Using SaveService properties version 3.1 
2017/06/21 13:14:21 INFO  - jmeter.save.SaveService: All converter versions present and correct 
2017/06/21 13:14:21 INFO  - jmeter.save.SaveService: Loading file: verify_home_page.jmx 
2017/06/21 13:14:21 INFO  - jmeter.protocol.http.control.CookieManager: Settings: Delete null: true Check: true Allow variable: true Save: false Prefix: COOKIE_ 
2017/06/21 13:14:21 INFO  - jmeter.protocol.http.sampler.HTTPSamplerBase: Parser for text/html is org.apache.jmeter.protocol.http.parser.LagartoBasedHtmlParser 
2017/06/21 13:14:21 INFO  - jmeter.protocol.http.sampler.HTTPSamplerBase: Parser for application/xhtml+xml is org.apache.jmeter.protocol.http.parser.LagartoBasedHtmlParser 
2017/06/21 13:14:21 INFO  - jmeter.protocol.http.sampler.HTTPSamplerBase: Parser for application/xml is org.apache.jmeter.protocol.http.parser.LagartoBasedHtmlParser 
2017/06/21 13:14:21 INFO  - jmeter.protocol.http.sampler.HTTPSamplerBase: Parser for text/xml is org.apache.jmeter.protocol.http.parser.LagartoBasedHtmlParser 
2017/06/21 13:14:21 INFO  - jmeter.protocol.http.sampler.HTTPSamplerBase: Parser for text/vnd.wap.wml is org.apache.jmeter.protocol.http.parser.RegexpHTMLParser 
2017/06/21 13:14:21 INFO  - jmeter.protocol.http.sampler.HTTPSamplerBase: Parser for text/css is org.apache.jmeter.protocol.http.parser.CssParser 
2017/06/21 13:14:22 INFO  - jmeter.JMeter: Creating summariser <summary> 
2017/06/21 13:14:22 INFO  - jmeter.engine.StandardJMeterEngine: Running the test! 
2017/06/21 13:14:22 INFO  - jmeter.samplers.SampleEvent: List of sample_variables: [] 
2017/06/21 13:14:22 INFO  - jmeter.samplers.SampleEvent: List of sample_variables: [] 
2017/06/21 13:14:22 INFO  - jmeter.engine.util.CompoundVariable: Note: Function class names must contain the string: '.functions.' 
2017/06/21 13:14:22 INFO  - jmeter.engine.util.CompoundVariable: Note: Function class names must not contain the string: '.gui.' 
2017/06/21 13:14:22 INFO  - jmeter.JMeter: Running test (1498022062993) 
2017/06/21 13:14:23 INFO  - jmeter.engine.StandardJMeterEngine: Starting ThreadGroup: 1 : Thread Group 
2017/06/21 13:14:23 INFO  - jmeter.engine.StandardJMeterEngine: Starting 20 threads for group Thread Group. 
2017/06/21 13:14:23 INFO  - jmeter.engine.StandardJMeterEngine: Thread will continue on error 
2017/06/21 13:14:23 INFO  - jmeter.threads.ThreadGroup: Starting thread group number 1 threads 20 ramp-up 1 perThread 50.0 delayedStart=false 
2017/06/21 13:14:23 INFO  - jmeter.threads.ThreadGroup: Started thread group number 1 
2017/06/21 13:14:23 INFO  - jmeter.engine.StandardJMeterEngine: All thread groups have been started 
2017/06/21 13:14:24 INFO  - jmeter.threads.JMeterThread: Thread started: Thread Group 1-1 
2017/06/21 13:14:24 INFO  - jmeter.services.FileServer: Stored: /home/dushanshan/文档/jmeterTestCase/pyworkplace_dss_bk_0531/ReadandUpdatejmx/verifysum/configData/shijue.csv 
2017/06/21 13:14:24 INFO  - jmeter.threads.JMeterThread: Thread started: Thread Group 1-2 
2017/06/21 13:14:24 INFO  - jmeter.threads.JMeterThread: Thread started: Thread Group 1-3 
2017/06/21 13:14:24 INFO  - jmeter.threads.JMeterThread: Thread started: Thread Group 1-4 
2017/06/21 13:14:24 INFO  - jmeter.threads.JMeterThread: Thread started: Thread Group 1-5 
2017/06/21 13:14:24 INFO  - jmeter.protocol.http.sampler.HTTPHCAbstractImpl: Local host = dss 
2017/06/21 13:14:24 INFO  - jmeter.protocol.http.sampler.HTTPHC4Impl: HTTP request retry count = 0 
2017/06/21 13:14:24 INFO  - jmeter.threads.JMeterThread: Thread started: Thread Group 1-6 
2017/06/21 13:14:24 INFO  - jmeter.threads.JMeterThread: Thread started: Thread Group 1-7 
2017/06/21 13:14:24 INFO  - jmeter.threads.JMeterThread: Thread started: Thread Group 1-8 
2017/06/21 13:14:24 INFO  - jmeter.threads.JMeterThread: Thread started: Thread Group 1-9 
2017/06/21 13:14:24 INFO  - jmeter.samplers.SampleResult: Note: Sample TimeStamps are START times 
2017/06/21 13:14:24 INFO  - jmeter.samplers.SampleResult: sampleresult.default.encoding is set to ISO-8859-1 
2017/06/21 13:14:24 INFO  - jmeter.samplers.SampleResult: sampleresult.useNanoTime=true 
2017/06/21 13:14:24 INFO  - jmeter.samplers.SampleResult: sampleresult.nanoThreadSleep=5000 
2017/06/21 13:14:24 INFO  - jmeter.threads.JMeterThread: Thread started: Thread Group 1-10 
2017/06/21 13:14:25 INFO  - jmeter.threads.JMeterThread: Thread started: Thread Group 1-11 
2017/06/21 13:14:25 INFO  - jmeter.threads.JMeterThread: Thread started: Thread Group 1-12 
2017/06/21 13:14:25 INFO  - jmeter.threads.JMeterThread: Thread started: Thread Group 1-13 
2017/06/21 13:14:25 INFO  - jmeter.threads.JMeterThread: Thread started: Thread Group 1-14 
2017/06/21 13:14:25 INFO  - jmeter.threads.JMeterThread: Thread started: Thread Group 1-15 
2017/06/21 13:14:25 INFO  - jmeter.threads.JMeterThread: Thread started: Thread Group 1-16 
2017/06/21 13:14:25 INFO  - jmeter.threads.JMeterThread: Thread started: Thread Group 1-17 
2017/06/21 13:14:25 INFO  - jmeter.threads.JMeterThread: Thread started: Thread Group 1-18 
2017/06/21 13:14:25 INFO  - jmeter.threads.JMeterThread: Thread started: Thread Group 1-19 
2017/06/21 13:14:25 INFO  - jmeter.threads.JMeterThread: Thread started: Thread Group 1-20 
2017/06/21 13:14:32 INFO  - jmeter.reporters.Summariser: summary +      1 in 00:00:10 =    0.1/s Avg:  7481 Min:  7481 Max:  7481 Err:     0 (0.00%) Active: 20 Started: 20 Finished: 0 
2017/06/21 13:15:30 INFO  - jmeter.reporters.Summariser: summary +     44 in 00:00:58 =    0.8/s Avg: 10121 Min:    23 Max: 37869 Err:     0 (0.00%) Active: 20 Started: 20 Finished: 0 
2017/06/21 13:15:30 INFO  - jmeter.reporters.Summariser: summary =     45 in 00:01:07 =    0.7/s Avg: 10063 Min:    23 Max: 37869 Err:     0 (0.00%) 
2017/06/21 13:16:00 INFO  - jmeter.reporters.Summariser: summary +    326 in 00:00:30 =   11.0/s Avg:  3670 Min:     5 Max: 55237 Err:     0 (0.00%) Active: 20 Started: 20 Finished: 0 
2017/06/21 13:16:00 INFO  - jmeter.reporters.Summariser: summary =    371 in 00:01:37 =    3.8/s Avg:  4445 Min:     5 Max: 55237 Err:     0 (0.00%) 
2017/06/21 13:16:30 INFO  - jmeter.reporters.Summariser: summary +     76 in 00:00:31 =    2.5/s Avg:  2090 Min:     4 Max: 35569 Err:     0 (0.00%) Active: 20 Started: 20 Finished: 0 
2017/06/21 13:16:30 INFO  - jmeter.reporters.Summariser: summary =    447 in 00:02:08 =    3.5/s Avg:  4045 Min:     4 Max: 55237 Err:     0 (0.00%) 
2017/06/21 13:17:04 INFO  - jmeter.reporters.Summariser: summary +    313 in 00:00:33 =    9.4/s Avg:  3009 Min:     5 Max: 44876 Err:     0 (0.00%) Active: 20 Started: 20 Finished: 0 
2017/06/21 13:17:04 INFO  - jmeter.reporters.Summariser: summary =    760 in 00:02:41 =    4.7/s Avg:  3618 Min:     4 Max: 55237 Err:     0 (0.00%) 
2017/06/21 13:17:30 INFO  - jmeter.reporters.Summariser: summary +    262 in 00:00:26 =   10.2/s Avg:  3221 Min:     4 Max: 41335 Err:     1 (0.38%) Active: 20 Started: 20 Finished: 0 
2017/06/21 13:17:30 INFO  - jmeter.reporters.Summariser: summary =   1022 in 00:03:07 =    5.5/s Avg:  3516 Min:     4 Max: 55237 Err:     1 (0.10%) 
2017/06/21 13:18:00 INFO  - jmeter.reporters.Summariser: summary +    156 in 00:00:30 =    5.2/s Avg:  2120 Min:     4 Max: 29871 Err:     0 (0.00%) Active: 20 Started: 20 Finished: 0 
2017/06/21 13:18:00 INFO  - jmeter.reporters.Summariser: summary =   1178 in 00:03:37 =    5.4/s Avg:  3331 Min:     4 Max: 55237 Err:     1 (0.08%) 
2017/06/21 13:18:30 INFO  - jmeter.reporters.Summariser: summary +    274 in 00:00:30 =    9.1/s Avg:  2847 Min:     4 Max: 40775 Err:     0 (0.00%) Active: 20 Started: 20 Finished: 0 
2017/06/21 13:18:30 INFO  - jmeter.reporters.Summariser: summary =   1452 in 00:04:07 =    5.9/s Avg:  3240 Min:     4 Max: 55237 Err:     1 (0.07%) 
2017/06/21 13:19:01 INFO  - jmeter.reporters.Summariser: summary +    133 in 00:00:31 =    4.3/s Avg:  2487 Min:     5 Max: 36800 Err:     0 (0.00%) Active: 20 Started: 20 Finished: 0 
2017/06/21 13:19:01 INFO  - jmeter.reporters.Summariser: summary =   1585 in 00:04:38 =    5.7/s Avg:  3177 Min:     4 Max: 55237 Err:     1 (0.06%) 
2017/06/21 13:19:23 INFO  - jmeter.threads.JMeterThread: Stopping because end time detected by thread: Thread Group 1-3 
2017/06/21 13:19:23 INFO  - jmeter.threads.JMeterThread: Thread finished: Thread Group 1-3 
2017/06/21 13:19:30 INFO  - jmeter.reporters.Summariser: summary +    275 in 00:00:29 =    9.4/s Avg:  2771 Min:     5 Max: 39037 Err:     0 (0.00%) Active: 19 Started: 20 Finished: 1 
2017/06/21 13:19:30 INFO  - jmeter.reporters.Summariser: summary =   1860 in 00:05:07 =    6.1/s Avg:  3117 Min:     4 Max: 55237 Err:     1 (0.05%) 
2017/06/21 13:19:30 INFO  - jmeter.threads.JMeterThread: Stopping because end time detected by thread: Thread Group 1-17 
2017/06/21 13:19:30 INFO  - jmeter.threads.JMeterThread: Thread finished: Thread Group 1-17 
2017/06/21 13:19:30 INFO  - jmeter.threads.JMeterThread: Stopping because end time detected by thread: Thread Group 1-15 
2017/06/21 13:19:30 INFO  - jmeter.threads.JMeterThread: Thread finished: Thread Group 1-15 
2017/06/21 13:19:30 INFO  - jmeter.threads.JMeterThread: Stopping because end time detected by thread: Thread Group 1-18 
2017/06/21 13:19:30 INFO  - jmeter.threads.JMeterThread: Thread finished: Thread Group 1-18 
2017/06/21 13:19:30 INFO  - jmeter.threads.JMeterThread: Stopping because end time detected by thread: Thread Group 1-8 
2017/06/21 13:19:30 INFO  - jmeter.threads.JMeterThread: Thread finished: Thread Group 1-8 
2017/06/21 13:19:31 INFO  - jmeter.threads.JMeterThread: Stopping because end time detected by thread: Thread Group 1-19 
2017/06/21 13:19:31 INFO  - jmeter.threads.JMeterThread: Thread finished: Thread Group 1-19 
2017/06/21 13:19:40 INFO  - jmeter.threads.JMeterThread: Stopping because end time detected by thread: Thread Group 1-16 
2017/06/21 13:19:40 INFO  - jmeter.threads.JMeterThread: Thread finished: Thread Group 1-16 
2017/06/21 13:19:40 INFO  - jmeter.threads.JMeterThread: Stopping because end time detected by thread: Thread Group 1-2 
2017/06/21 13:19:40 INFO  - jmeter.threads.JMeterThread: Thread finished: Thread Group 1-2 
2017/06/21 13:19:42 INFO  - jmeter.threads.JMeterThread: Stopping because end time detected by thread: Thread Group 1-5 
2017/06/21 13:19:42 INFO  - jmeter.threads.JMeterThread: Thread finished: Thread Group 1-5 
2017/06/21 13:19:42 INFO  - jmeter.threads.JMeterThread: Stopping because end time detected by thread: Thread Group 1-20 
2017/06/21 13:19:42 INFO  - jmeter.threads.JMeterThread: Thread finished: Thread Group 1-20 
2017/06/21 13:19:42 INFO  - jmeter.threads.JMeterThread: Stopping because end time detected by thread: Thread Group 1-11 
2017/06/21 13:19:42 INFO  - jmeter.threads.JMeterThread: Thread finished: Thread Group 1-11 
2017/06/21 13:19:42 INFO  - jmeter.threads.JMeterThread: Stopping because end time detected by thread: Thread Group 1-10 
2017/06/21 13:19:42 INFO  - jmeter.threads.JMeterThread: Thread finished: Thread Group 1-10 
2017/06/21 13:19:44 INFO  - jmeter.threads.JMeterThread: Stopping because end time detected by thread: Thread Group 1-4 
2017/06/21 13:19:44 INFO  - jmeter.threads.JMeterThread: Thread finished: Thread Group 1-4 
2017/06/21 13:19:45 INFO  - jmeter.threads.JMeterThread: Stopping because end time detected by thread: Thread Group 1-13 
2017/06/21 13:19:45 INFO  - jmeter.threads.JMeterThread: Thread finished: Thread Group 1-13 
2017/06/21 13:19:45 INFO  - jmeter.threads.JMeterThread: Stopping because end time detected by thread: Thread Group 1-12 
2017/06/21 13:19:45 INFO  - jmeter.threads.JMeterThread: Thread finished: Thread Group 1-12 
2017/06/21 13:19:46 INFO  - jmeter.threads.JMeterThread: Stopping because end time detected by thread: Thread Group 1-6 
2017/06/21 13:19:46 INFO  - jmeter.threads.JMeterThread: Thread finished: Thread Group 1-6 
2017/06/21 13:19:46 INFO  - jmeter.threads.JMeterThread: Stopping because end time detected by thread: Thread Group 1-14 
2017/06/21 13:19:46 INFO  - jmeter.threads.JMeterThread: Thread finished: Thread Group 1-14 
2017/06/21 13:19:46 INFO  - jmeter.threads.JMeterThread: Stopping because end time detected by thread: Thread Group 1-7 
2017/06/21 13:19:46 INFO  - jmeter.threads.JMeterThread: Thread finished: Thread Group 1-7 
2017/06/21 13:19:46 INFO  - jmeter.threads.JMeterThread: Stopping because end time detected by thread: Thread Group 1-1 
2017/06/21 13:19:46 INFO  - jmeter.threads.JMeterThread: Thread finished: Thread Group 1-1 
2017/06/21 13:19:46 INFO  - jmeter.threads.JMeterThread: Stopping because end time detected by thread: Thread Group 1-9 
2017/06/21 13:19:46 INFO  - jmeter.threads.JMeterThread: Thread finished: Thread Group 1-9 
2017/06/21 13:19:46 INFO  - jmeter.engine.StandardJMeterEngine: Notifying test listeners of end of test 
2017/06/21 13:19:46 INFO  - jmeter.services.FileServer: Close: /home/dushanshan/文档/jmeterTestCase/pyworkplace_dss_bk_0531/ReadandUpdatejmx/verifysum/configData/shijue.csv 
2017/06/21 13:19:46 INFO  - jmeter.reporters.Summariser: summary +     18 in 00:00:16 =    1.1/s Avg: 24560 Min:  7614 Max: 31297 Err:     0 (0.00%) Active: 0 Started: 20 Finished: 20 
2017/06/21 13:19:46 INFO  - jmeter.reporters.Summariser: summary =   1878 in 00:05:23 =    5.8/s Avg:  3322 Min:     4 Max: 55237 Err:     1 (0.05%) 
