2017/04/13 17:09:50 INFO  - jmeter.util.JMeterUtils: Setting Locale to en 
2017/04/13 17:09:50 INFO  - jmeter.JMeter: Loading user properties from: /opt/apache-jmeter-3.1/bin/user.properties 
2017/04/13 17:09:50 INFO  - jmeter.JMeter: Loading system properties from: /opt/apache-jmeter-3.1/bin/system.properties 
2017/04/13 17:09:50 INFO  - jmeter.JMeter: Copyright (c) 1998-2016 The Apache Software Foundation 
2017/04/13 17:09:50 INFO  - jmeter.JMeter: Version 3.1 r1770033 
2017/04/13 17:09:50 INFO  - jmeter.JMeter: java.version=1.8.0_31 
2017/04/13 17:09:50 INFO  - jmeter.JMeter: java.vm.name=Java HotSpot(TM) 64-Bit Server VM 
2017/04/13 17:09:50 INFO  - jmeter.JMeter: os.name=Linux 
2017/04/13 17:09:50 INFO  - jmeter.JMeter: os.arch=amd64 
2017/04/13 17:09:50 INFO  - jmeter.JMeter: os.version=4.4.0-72-generic 
2017/04/13 17:09:50 INFO  - jmeter.JMeter: file.encoding=UTF-8 
2017/04/13 17:09:50 INFO  - jmeter.JMeter: Max memory     =3726639104 
2017/04/13 17:09:50 INFO  - jmeter.JMeter: Available Processors =4 
2017/04/13 17:09:50 INFO  - jmeter.JMeter: Default Locale=中文 (中国) 
2017/04/13 17:09:50 INFO  - jmeter.JMeter: JMeter  Locale=英文 
2017/04/13 17:09:50 INFO  - jmeter.JMeter: JMeterHome=/opt/apache-jmeter-3.1 
2017/04/13 17:09:50 INFO  - jmeter.JMeter: user.dir  =/opt/pyworkplace 
2017/04/13 17:09:50 INFO  - jmeter.JMeter: PWD       =/opt/pyworkplace 
2017/04/13 17:09:50 INFO  - jmeter.JMeter: IP: 127.0.1.1 Name: dushanshan FullName: dushanshan 
2017/04/13 17:09:50 INFO  - jmeter.services.FileServer: Default base='/opt/pyworkplace' 
2017/04/13 17:09:50 INFO  - jmeter.services.FileServer: Set new base='/opt/apache-jmeter-3.1/jmx_test' 
2017/04/13 17:09:50 INFO  - jmeter.save.SaveService: Testplan (JMX) version: 2.2. Testlog (JTL) version: 2.2 
2017/04/13 17:09:50 INFO  - jmeter.save.SaveService: Using SaveService properties file encoding UTF-8 
2017/04/13 17:09:50 INFO  - jmeter.save.SaveService: Using SaveService properties version 3.1 
2017/04/13 17:09:50 INFO  - jmeter.save.SaveService: All converter versions present and correct 
2017/04/13 17:09:50 INFO  - jmeter.save.SaveService: Loading file: /opt/apache-jmeter-3.1/jmx_test/test_workcharts_query.jmx 
2017/04/13 17:09:50 INFO  - jmeter.protocol.http.control.CookieManager: Settings: Delete null: true Check: true Allow variable: true Save: false Prefix: COOKIE_ 
2017/04/13 17:09:50 INFO  - jmeter.protocol.http.sampler.HTTPSamplerBase: Parser for text/html is org.apache.jmeter.protocol.http.parser.LagartoBasedHtmlParser 
2017/04/13 17:09:50 INFO  - jmeter.protocol.http.sampler.HTTPSamplerBase: Parser for application/xhtml+xml is org.apache.jmeter.protocol.http.parser.LagartoBasedHtmlParser 
2017/04/13 17:09:50 INFO  - jmeter.protocol.http.sampler.HTTPSamplerBase: Parser for application/xml is org.apache.jmeter.protocol.http.parser.LagartoBasedHtmlParser 
2017/04/13 17:09:50 INFO  - jmeter.protocol.http.sampler.HTTPSamplerBase: Parser for text/xml is org.apache.jmeter.protocol.http.parser.LagartoBasedHtmlParser 
2017/04/13 17:09:50 INFO  - jmeter.protocol.http.sampler.HTTPSamplerBase: Parser for text/vnd.wap.wml is org.apache.jmeter.protocol.http.parser.RegexpHTMLParser 
2017/04/13 17:09:50 INFO  - jmeter.protocol.http.sampler.HTTPSamplerBase: Parser for text/css is org.apache.jmeter.protocol.http.parser.CssParser 
2017/04/13 17:09:50 INFO  - jmeter.JMeter: Creating summariser <summary> 
2017/04/13 17:09:50 INFO  - jmeter.engine.StandardJMeterEngine: Running the test! 
2017/04/13 17:09:50 INFO  - jmeter.samplers.SampleEvent: List of sample_variables: [] 
2017/04/13 17:09:50 INFO  - jmeter.samplers.SampleEvent: List of sample_variables: [] 
2017/04/13 17:09:50 INFO  - jmeter.engine.util.CompoundVariable: Note: Function class names must contain the string: '.functions.' 
2017/04/13 17:09:50 INFO  - jmeter.engine.util.CompoundVariable: Note: Function class names must not contain the string: '.gui.' 
2017/04/13 17:09:50 INFO  - jmeter.JMeter: Running test (1492074590464) 
2017/04/13 17:09:50 INFO  - jmeter.engine.StandardJMeterEngine: Starting ThreadGroup: 1 : workcharts/query_By_apache_query 
2017/04/13 17:09:50 INFO  - jmeter.engine.StandardJMeterEngine: Starting 10 threads for group workcharts/query_By_apache_query. 
2017/04/13 17:09:50 INFO  - jmeter.engine.StandardJMeterEngine: Thread will continue on error 
2017/04/13 17:09:50 INFO  - jmeter.threads.ThreadGroup: Starting thread group number 1 threads 10 ramp-up 10 perThread 1000.0 delayedStart=false 
2017/04/13 17:09:50 INFO  - jmeter.threads.JMeterThread: Thread started: workcharts/query_By_apache_query 1-1 
2017/04/13 17:09:50 INFO  - jmeter.protocol.http.sampler.HTTPHCAbstractImpl: Local host = dushanshan 
2017/04/13 17:09:50 INFO  - jmeter.threads.ThreadGroup: Started thread group number 1 
2017/04/13 17:09:50 INFO  - jmeter.engine.StandardJMeterEngine: All thread groups have been started 
2017/04/13 17:09:50 INFO  - jmeter.protocol.http.sampler.HTTPHC4Impl: HTTP request retry count = 0 
2017/04/13 17:09:50 INFO  - jmeter.samplers.SampleResult: Note: Sample TimeStamps are START times 
2017/04/13 17:09:50 INFO  - jmeter.samplers.SampleResult: sampleresult.default.encoding is set to ISO-8859-1 
2017/04/13 17:09:50 INFO  - jmeter.samplers.SampleResult: sampleresult.useNanoTime=true 
2017/04/13 17:09:50 INFO  - jmeter.samplers.SampleResult: sampleresult.nanoThreadSleep=5000 
2017/04/13 17:09:51 INFO  - jmeter.threads.JMeterThread: Thread started: workcharts/query_By_apache_query 1-2 
2017/04/13 17:09:52 INFO  - jmeter.threads.JMeterThread: Thread started: workcharts/query_By_apache_query 1-3 
2017/04/13 17:09:53 INFO  - jmeter.threads.JMeterThread: Thread started: workcharts/query_By_apache_query 1-4 
2017/04/13 17:09:54 INFO  - jmeter.threads.JMeterThread: Thread started: workcharts/query_By_apache_query 1-5 
2017/04/13 17:09:55 INFO  - jmeter.threads.JMeterThread: Thread started: workcharts/query_By_apache_query 1-6 
2017/04/13 17:09:56 INFO  - jmeter.threads.JMeterThread: Thread started: workcharts/query_By_apache_query 1-7 
2017/04/13 17:09:57 INFO  - jmeter.threads.JMeterThread: Thread started: workcharts/query_By_apache_query 1-8 
2017/04/13 17:09:58 INFO  - jmeter.threads.JMeterThread: Thread started: workcharts/query_By_apache_query 1-9 
2017/04/13 17:09:59 INFO  - jmeter.threads.JMeterThread: Thread started: workcharts/query_By_apache_query 1-10 
2017/04/13 17:10:00 INFO  - jmeter.reporters.Summariser: summary +    115 in 00:00:10 =   12.0/s Avg:   421 Min:   156 Max:  5171 Err:     0 (0.00%) Active: 10 Started: 10 Finished: 0 
2017/04/13 17:10:30 INFO  - jmeter.reporters.Summariser: summary +    661 in 00:00:30 =   22.0/s Avg:   453 Min:    78 Max:   696 Err:     0 (0.00%) Active: 10 Started: 10 Finished: 0 
2017/04/13 17:10:30 INFO  - jmeter.reporters.Summariser: summary =    776 in 00:00:40 =   19.6/s Avg:   448 Min:    78 Max:  5171 Err:     0 (0.00%) 
2017/04/13 17:11:00 INFO  - jmeter.reporters.Summariser: summary +    577 in 00:00:30 =   19.2/s Avg:   519 Min:   400 Max:   662 Err:     0 (0.00%) Active: 10 Started: 10 Finished: 0 
2017/04/13 17:11:00 INFO  - jmeter.reporters.Summariser: summary =   1353 in 00:01:10 =   19.4/s Avg:   478 Min:    78 Max:  5171 Err:     0 (0.00%) 
2017/04/13 17:11:30 INFO  - jmeter.reporters.Summariser: summary +    578 in 00:00:30 =   19.3/s Avg:   518 Min:   366 Max:   676 Err:     0 (0.00%) Active: 10 Started: 10 Finished: 0 
2017/04/13 17:11:30 INFO  - jmeter.reporters.Summariser: summary =   1931 in 00:01:40 =   19.4/s Avg:   490 Min:    78 Max:  5171 Err:     0 (0.00%) 
2017/04/13 17:12:00 INFO  - jmeter.reporters.Summariser: summary +    582 in 00:00:30 =   19.4/s Avg:   514 Min:   404 Max:   660 Err:     0 (0.00%) Active: 10 Started: 10 Finished: 0 
2017/04/13 17:12:00 INFO  - jmeter.reporters.Summariser: summary =   2513 in 00:02:10 =   19.4/s Avg:   496 Min:    78 Max:  5171 Err:     0 (0.00%) 
2017/04/13 17:12:30 INFO  - jmeter.reporters.Summariser: summary +    470 in 00:00:31 =   15.4/s Avg:   593 Min:   393 Max:  6799 Err:     0 (0.00%) Active: 10 Started: 10 Finished: 0 
2017/04/13 17:12:30 INFO  - jmeter.reporters.Summariser: summary =   2983 in 00:02:40 =   18.6/s Avg:   511 Min:    78 Max:  6799 Err:     0 (0.00%) 
2017/04/13 17:13:00 INFO  - jmeter.reporters.Summariser: summary +    530 in 00:00:29 =   18.0/s Avg:   605 Min:   405 Max:  6227 Err:     0 (0.00%) Active: 10 Started: 10 Finished: 0 
2017/04/13 17:13:00 INFO  - jmeter.reporters.Summariser: summary =   3513 in 00:03:10 =   18.5/s Avg:   525 Min:    78 Max:  6799 Err:     0 (0.00%) 
2017/04/13 17:13:30 INFO  - jmeter.reporters.Summariser: summary +    563 in 00:00:30 =   18.8/s Avg:   532 Min:   380 Max:   677 Err:     0 (0.00%) Active: 10 Started: 10 Finished: 0 
2017/04/13 17:13:30 INFO  - jmeter.reporters.Summariser: summary =   4076 in 00:03:40 =   18.6/s Avg:   526 Min:    78 Max:  6799 Err:     0 (0.00%) 
2017/04/13 17:14:00 INFO  - jmeter.reporters.Summariser: summary +    486 in 00:00:30 =   16.2/s Avg:   616 Min:   429 Max:   826 Err:     0 (0.00%) Active: 10 Started: 10 Finished: 0 
2017/04/13 17:14:00 INFO  - jmeter.reporters.Summariser: summary =   4562 in 00:04:10 =   18.3/s Avg:   536 Min:    78 Max:  6799 Err:     0 (0.00%) 
2017/04/13 17:14:30 INFO  - jmeter.reporters.Summariser: summary +   1164 in 00:00:30 =   38.9/s Avg:   259 Min:    20 Max:   898 Err:     7 (0.60%) Active: 10 Started: 10 Finished: 0 
2017/04/13 17:14:30 INFO  - jmeter.reporters.Summariser: summary =   5726 in 00:04:40 =   20.5/s Avg:   480 Min:    20 Max:  6799 Err:     7 (0.12%) 
2017/04/13 17:15:00 INFO  - jmeter.reporters.Summariser: summary +   6826 in 00:00:30 =  227.5/s Avg:    43 Min:    19 Max:    94 Err:     0 (0.00%) Active: 10 Started: 10 Finished: 0 
2017/04/13 17:15:00 INFO  - jmeter.reporters.Summariser: summary =  12552 in 00:05:10 =   40.6/s Avg:   242 Min:    19 Max:  6799 Err:     7 (0.06%) 
2017/04/13 17:15:30 INFO  - jmeter.reporters.Summariser: summary +   6469 in 00:00:30 =  215.7/s Avg:    46 Min:    19 Max:   141 Err:     0 (0.00%) Active: 10 Started: 10 Finished: 0 
2017/04/13 17:15:30 INFO  - jmeter.reporters.Summariser: summary =  19021 in 00:05:40 =   56.0/s Avg:   175 Min:    19 Max:  6799 Err:     7 (0.04%) 
2017/04/13 17:16:00 INFO  - jmeter.reporters.Summariser: summary +   6719 in 00:00:30 =  223.9/s Avg:    44 Min:    20 Max:   110 Err:     0 (0.00%) Active: 10 Started: 10 Finished: 0 
2017/04/13 17:16:00 INFO  - jmeter.reporters.Summariser: summary =  25740 in 00:06:10 =   69.7/s Avg:   141 Min:    19 Max:  6799 Err:     7 (0.03%) 
2017/04/13 17:16:30 INFO  - jmeter.reporters.Summariser: summary +   6739 in 00:00:30 =  224.6/s Avg:    44 Min:    17 Max:  5053 Err:     0 (0.00%) Active: 10 Started: 10 Finished: 0 
2017/04/13 17:16:30 INFO  - jmeter.reporters.Summariser: summary =  32479 in 00:06:40 =   81.3/s Avg:   121 Min:    17 Max:  6799 Err:     7 (0.02%) 
2017/04/13 17:17:00 INFO  - jmeter.reporters.Summariser: summary +   6768 in 00:00:30 =  225.6/s Avg:    44 Min:    19 Max:   101 Err:     0 (0.00%) Active: 10 Started: 10 Finished: 0 
2017/04/13 17:17:00 INFO  - jmeter.reporters.Summariser: summary =  39247 in 00:07:10 =   91.4/s Avg:   108 Min:    17 Max:  6799 Err:     7 (0.02%) 
2017/04/13 17:17:30 INFO  - jmeter.reporters.Summariser: summary +   6724 in 00:00:30 =  224.1/s Avg:    44 Min:    20 Max:   127 Err:     0 (0.00%) Active: 10 Started: 10 Finished: 0 
2017/04/13 17:17:30 INFO  - jmeter.reporters.Summariser: summary =  45971 in 00:07:40 =  100.0/s Avg:    98 Min:    17 Max:  6799 Err:     7 (0.02%) 
2017/04/13 17:18:00 INFO  - jmeter.reporters.Summariser: summary +   6717 in 00:00:30 =  224.0/s Avg:    44 Min:    19 Max:   114 Err:     0 (0.00%) Active: 10 Started: 10 Finished: 0 
2017/04/13 17:18:00 INFO  - jmeter.reporters.Summariser: summary =  52688 in 00:08:10 =  107.6/s Avg:    91 Min:    17 Max:  6799 Err:     7 (0.01%) 
2017/04/13 17:18:30 INFO  - jmeter.reporters.Summariser: summary +   6811 in 00:00:30 =  227.0/s Avg:    43 Min:    20 Max:   117 Err:     0 (0.00%) Active: 10 Started: 10 Finished: 0 
2017/04/13 17:18:30 INFO  - jmeter.reporters.Summariser: summary =  59499 in 00:08:40 =  114.5/s Avg:    86 Min:    17 Max:  6799 Err:     7 (0.01%) 
2017/04/13 17:19:00 INFO  - jmeter.reporters.Summariser: summary +   6826 in 00:00:30 =  227.5/s Avg:    43 Min:    20 Max:    96 Err:     0 (0.00%) Active: 10 Started: 10 Finished: 0 
2017/04/13 17:19:00 INFO  - jmeter.reporters.Summariser: summary =  66325 in 00:09:10 =  120.7/s Avg:    82 Min:    17 Max:  6799 Err:     7 (0.01%) 
2017/04/13 17:19:30 INFO  - jmeter.reporters.Summariser: summary +   6669 in 00:00:30 =  222.3/s Avg:    44 Min:    19 Max:   116 Err:     0 (0.00%) Active: 10 Started: 10 Finished: 0 
2017/04/13 17:19:30 INFO  - jmeter.reporters.Summariser: summary =  72994 in 00:09:40 =  126.0/s Avg:    78 Min:    17 Max:  6799 Err:     7 (0.01%) 
2017/04/13 17:20:00 INFO  - jmeter.reporters.Summariser: summary +   6868 in 00:00:30 =  228.9/s Avg:    43 Min:    17 Max:   101 Err:     0 (0.00%) Active: 10 Started: 10 Finished: 0 
2017/04/13 17:20:00 INFO  - jmeter.reporters.Summariser: summary =  79862 in 00:10:10 =  131.0/s Avg:    75 Min:    17 Max:  6799 Err:     7 (0.01%) 
2017/04/13 17:20:30 INFO  - jmeter.reporters.Summariser: summary +   6828 in 00:00:30 =  227.6/s Avg:    43 Min:    18 Max:   101 Err:     0 (0.00%) Active: 10 Started: 10 Finished: 0 
2017/04/13 17:20:30 INFO  - jmeter.reporters.Summariser: summary =  86690 in 00:10:40 =  135.6/s Avg:    73 Min:    17 Max:  6799 Err:     7 (0.01%) 
2017/04/13 17:21:00 INFO  - jmeter.reporters.Summariser: summary +   6824 in 00:00:30 =  227.4/s Avg:    43 Min:    19 Max:   106 Err:     0 (0.00%) Active: 10 Started: 10 Finished: 0 
2017/04/13 17:21:00 INFO  - jmeter.reporters.Summariser: summary =  93514 in 00:11:10 =  139.7/s Avg:    71 Min:    17 Max:  6799 Err:     7 (0.01%) 
2017/04/13 17:21:30 INFO  - jmeter.reporters.Summariser: summary +   6860 in 00:00:30 =  228.7/s Avg:    43 Min:    19 Max:   109 Err:     0 (0.00%) Active: 10 Started: 10 Finished: 0 
2017/04/13 17:21:30 INFO  - jmeter.reporters.Summariser: summary = 100374 in 00:11:40 =  143.5/s Avg:    69 Min:    17 Max:  6799 Err:     7 (0.01%) 
2017/04/13 17:22:00 INFO  - jmeter.reporters.Summariser: summary +   6734 in 00:00:30 =  224.5/s Avg:    44 Min:    20 Max:  5050 Err:     0 (0.00%) Active: 10 Started: 10 Finished: 0 
2017/04/13 17:22:00 INFO  - jmeter.reporters.Summariser: summary = 107108 in 00:12:10 =  146.8/s Avg:    67 Min:    17 Max:  6799 Err:     7 (0.01%) 
