2017/06/21 13:54:15 INFO  - jmeter.util.JMeterUtils: Setting Locale to en 
2017/06/21 13:54:16 INFO  - jmeter.JMeter: Loading user properties from: /opt/apache-jmeter-3.1/bin/user.properties 
2017/06/21 13:54:16 INFO  - jmeter.JMeter: Loading system properties from: /opt/apache-jmeter-3.1/bin/system.properties 
2017/06/21 13:54:16 INFO  - jmeter.JMeter: Copyright (c) 1998-2016 The Apache Software Foundation 
2017/06/21 13:54:16 INFO  - jmeter.JMeter: Version 3.1 r1770033 
2017/06/21 13:54:16 INFO  - jmeter.JMeter: java.version=1.8.0_131 
2017/06/21 13:54:16 INFO  - jmeter.JMeter: java.vm.name=OpenJDK 64-Bit Server VM 
2017/06/21 13:54:16 INFO  - jmeter.JMeter: os.name=Linux 
2017/06/21 13:54:16 INFO  - jmeter.JMeter: os.arch=amd64 
2017/06/21 13:54:16 INFO  - jmeter.JMeter: os.version=4.4.0-81-generic 
2017/06/21 13:54:16 INFO  - jmeter.JMeter: file.encoding=UTF-8 
2017/06/21 13:54:16 INFO  - jmeter.JMeter: Max memory     =3726639104 
2017/06/21 13:54:16 INFO  - jmeter.JMeter: Available Processors =4 
2017/06/21 13:54:16 INFO  - jmeter.JMeter: Default Locale=中文 (中国) 
2017/06/21 13:54:16 INFO  - jmeter.JMeter: JMeter  Locale=英文 
2017/06/21 13:54:16 INFO  - jmeter.JMeter: JMeterHome=/opt/apache-jmeter-3.1 
2017/06/21 13:54:16 INFO  - jmeter.JMeter: user.dir  =/home/dushanshan/文档/jmeterTestCase/pyworkplace_dss_bk_0531/ReadandUpdatejmx 
2017/06/21 13:54:16 INFO  - jmeter.JMeter: PWD       =/home/dushanshan/文档/jmeterTestCase/pyworkplace_dss_bk_0531/ReadandUpdatejmx 
2017/06/21 13:54:16 INFO  - jmeter.JMeter: IP: 127.0.1.1 Name: dss FullName: dss 
2017/06/21 13:54:16 INFO  - jmeter.services.FileServer: Default base='/home/dushanshan/文档/jmeterTestCase/pyworkplace_dss_bk_0531/ReadandUpdatejmx' 
2017/06/21 13:54:16 INFO  - jmeter.services.FileServer: Set new base='/home/dushanshan/文档/jmeterTestCase/pyworkplace_dss_bk_0531/ReadandUpdatejmx/verifysum' 
2017/06/21 13:54:16 INFO  - jmeter.save.SaveService: Testplan (JMX) version: 2.2. Testlog (JTL) version: 2.2 
2017/06/21 13:54:16 INFO  - jmeter.save.SaveService: Using SaveService properties file encoding UTF-8 
2017/06/21 13:54:16 INFO  - jmeter.save.SaveService: Using SaveService properties version 3.1 
2017/06/21 13:54:16 INFO  - jmeter.save.SaveService: All converter versions present and correct 
2017/06/21 13:54:16 INFO  - jmeter.save.SaveService: Loading file: /home/dushanshan/文档/jmeterTestCase/pyworkplace_dss_bk_0531/ReadandUpdatejmx/verifysum/verify_home_page.jmx 
2017/06/21 13:54:16 INFO  - jmeter.protocol.http.control.CookieManager: Settings: Delete null: true Check: true Allow variable: true Save: false Prefix: COOKIE_ 
2017/06/21 13:54:16 INFO  - jmeter.protocol.http.sampler.HTTPSamplerBase: Parser for text/html is org.apache.jmeter.protocol.http.parser.LagartoBasedHtmlParser 
2017/06/21 13:54:16 INFO  - jmeter.protocol.http.sampler.HTTPSamplerBase: Parser for application/xhtml+xml is org.apache.jmeter.protocol.http.parser.LagartoBasedHtmlParser 
2017/06/21 13:54:16 INFO  - jmeter.protocol.http.sampler.HTTPSamplerBase: Parser for application/xml is org.apache.jmeter.protocol.http.parser.LagartoBasedHtmlParser 
2017/06/21 13:54:16 INFO  - jmeter.protocol.http.sampler.HTTPSamplerBase: Parser for text/xml is org.apache.jmeter.protocol.http.parser.LagartoBasedHtmlParser 
2017/06/21 13:54:16 INFO  - jmeter.protocol.http.sampler.HTTPSamplerBase: Parser for text/vnd.wap.wml is org.apache.jmeter.protocol.http.parser.RegexpHTMLParser 
2017/06/21 13:54:16 INFO  - jmeter.protocol.http.sampler.HTTPSamplerBase: Parser for text/css is org.apache.jmeter.protocol.http.parser.CssParser 
2017/06/21 13:54:17 INFO  - jmeter.JMeter: Creating summariser <summary> 
2017/06/21 13:54:17 INFO  - jmeter.engine.StandardJMeterEngine: Running the test! 
2017/06/21 13:54:17 INFO  - jmeter.samplers.SampleEvent: List of sample_variables: [] 
2017/06/21 13:54:17 INFO  - jmeter.samplers.SampleEvent: List of sample_variables: [] 
2017/06/21 13:54:17 INFO  - jmeter.engine.util.CompoundVariable: Note: Function class names must contain the string: '.functions.' 
2017/06/21 13:54:17 INFO  - jmeter.engine.util.CompoundVariable: Note: Function class names must not contain the string: '.gui.' 
2017/06/21 13:54:17 INFO  - jmeter.JMeter: Running test (1498024457278) 
2017/06/21 13:54:17 INFO  - jmeter.engine.StandardJMeterEngine: Starting ThreadGroup: 1 : Thread Group 
2017/06/21 13:54:17 INFO  - jmeter.engine.StandardJMeterEngine: Starting 20 threads for group Thread Group. 
2017/06/21 13:54:17 INFO  - jmeter.engine.StandardJMeterEngine: Thread will continue on error 
2017/06/21 13:54:17 INFO  - jmeter.threads.ThreadGroup: Starting thread group number 1 threads 20 ramp-up 1 perThread 50.0 delayedStart=false 
2017/06/21 13:54:17 INFO  - jmeter.threads.ThreadGroup: Started thread group number 1 
2017/06/21 13:54:17 INFO  - jmeter.engine.StandardJMeterEngine: All thread groups have been started 
2017/06/21 13:54:17 INFO  - jmeter.threads.JMeterThread: Thread started: Thread Group 1-1 
2017/06/21 13:54:17 INFO  - jmeter.services.FileServer: Stored: /home/dushanshan/文档/jmeterTestCase/pyworkplace_dss_bk_0531/ReadandUpdatejmx/verifysum/configData/shijue.csv 
2017/06/21 13:54:17 INFO  - jmeter.protocol.http.sampler.HTTPHCAbstractImpl: Local host = dss 
2017/06/21 13:54:17 INFO  - jmeter.protocol.http.sampler.HTTPHC4Impl: HTTP request retry count = 0 
2017/06/21 13:54:17 INFO  - jmeter.threads.JMeterThread: Thread started: Thread Group 1-2 
2017/06/21 13:54:17 INFO  - jmeter.threads.JMeterThread: Thread started: Thread Group 1-3 
2017/06/21 13:54:17 INFO  - jmeter.samplers.SampleResult: Note: Sample TimeStamps are START times 
2017/06/21 13:54:17 INFO  - jmeter.samplers.SampleResult: sampleresult.default.encoding is set to ISO-8859-1 
2017/06/21 13:54:17 INFO  - jmeter.samplers.SampleResult: sampleresult.useNanoTime=true 
2017/06/21 13:54:17 INFO  - jmeter.samplers.SampleResult: sampleresult.nanoThreadSleep=5000 
2017/06/21 13:54:17 INFO  - jmeter.threads.JMeterThread: Thread started: Thread Group 1-4 
2017/06/21 13:54:17 INFO  - jmeter.threads.JMeterThread: Thread started: Thread Group 1-5 
2017/06/21 13:54:17 INFO  - jmeter.threads.JMeterThread: Thread started: Thread Group 1-6 
2017/06/21 13:54:17 INFO  - jmeter.threads.JMeterThread: Thread started: Thread Group 1-7 
2017/06/21 13:54:17 INFO  - jmeter.threads.JMeterThread: Thread started: Thread Group 1-8 
2017/06/21 13:54:17 INFO  - jmeter.threads.JMeterThread: Thread started: Thread Group 1-9 
2017/06/21 13:54:18 INFO  - jmeter.threads.JMeterThread: Thread started: Thread Group 1-10 
2017/06/21 13:54:18 INFO  - jmeter.threads.JMeterThread: Thread started: Thread Group 1-11 
2017/06/21 13:54:18 INFO  - jmeter.threads.JMeterThread: Thread started: Thread Group 1-12 
2017/06/21 13:54:18 INFO  - jmeter.threads.JMeterThread: Thread started: Thread Group 1-13 
2017/06/21 13:54:18 INFO  - jmeter.threads.JMeterThread: Thread started: Thread Group 1-14 
2017/06/21 13:54:18 INFO  - jmeter.threads.JMeterThread: Thread started: Thread Group 1-15 
2017/06/21 13:54:18 INFO  - jmeter.threads.JMeterThread: Thread started: Thread Group 1-16 
2017/06/21 13:54:18 INFO  - jmeter.threads.JMeterThread: Thread started: Thread Group 1-17 
2017/06/21 13:54:18 INFO  - jmeter.threads.JMeterThread: Thread started: Thread Group 1-18 
2017/06/21 13:54:18 INFO  - jmeter.threads.JMeterThread: Thread started: Thread Group 1-19 
2017/06/21 13:54:18 INFO  - jmeter.threads.JMeterThread: Thread started: Thread Group 1-20 
2017/06/21 13:55:00 INFO  - jmeter.reporters.Summariser: summary +     43 in 00:00:43 =    1.0/s Avg:  5408 Min:    87 Max: 30818 Err:     0 (0.00%) Active: 20 Started: 20 Finished: 0 
2017/06/21 13:55:31 INFO  - jmeter.reporters.Summariser: summary +    326 in 00:00:30 =   10.7/s Avg:  3352 Min:     7 Max: 53335 Err:     0 (0.00%) Active: 20 Started: 20 Finished: 0 
2017/06/21 13:55:31 INFO  - jmeter.reporters.Summariser: summary =    369 in 00:01:14 =    5.0/s Avg:  3592 Min:     7 Max: 53335 Err:     0 (0.00%) 
2017/06/21 13:56:30 INFO  - jmeter.reporters.Summariser: summary +    354 in 00:00:59 =    6.0/s Avg:  3580 Min:     5 Max: 51765 Err:     0 (0.00%) Active: 20 Started: 20 Finished: 0 
2017/06/21 13:56:30 INFO  - jmeter.reporters.Summariser: summary =    723 in 00:02:13 =    5.4/s Avg:  3586 Min:     5 Max: 53335 Err:     0 (0.00%) 
2017/06/21 13:57:00 INFO  - jmeter.reporters.Summariser: summary +     17 in 00:00:29 =    0.6/s Avg:  5795 Min:    46 Max: 29593 Err:     0 (0.00%) Active: 20 Started: 20 Finished: 0 
2017/06/21 13:57:00 INFO  - jmeter.reporters.Summariser: summary =    740 in 00:02:43 =    4.5/s Avg:  3637 Min:     5 Max: 53335 Err:     0 (0.00%) 
2017/06/21 13:57:30 INFO  - jmeter.reporters.Summariser: summary +    370 in 00:00:30 =   12.3/s Avg:  2903 Min:    45 Max: 48888 Err:     0 (0.00%) Active: 20 Started: 20 Finished: 0 
2017/06/21 13:57:30 INFO  - jmeter.reporters.Summariser: summary =   1110 in 00:03:13 =    5.8/s Avg:  3392 Min:     5 Max: 53335 Err:     0 (0.00%) 
2017/06/21 13:58:00 INFO  - jmeter.reporters.Summariser: summary +     44 in 00:00:30 =    1.5/s Avg:  3580 Min:    20 Max: 33931 Err:     0 (0.00%) Active: 20 Started: 20 Finished: 0 
2017/06/21 13:58:00 INFO  - jmeter.reporters.Summariser: summary =   1154 in 00:03:43 =    5.2/s Avg:  3400 Min:     5 Max: 53335 Err:     0 (0.00%) 
2017/06/21 13:58:35 INFO  - jmeter.reporters.Summariser: summary +    282 in 00:00:36 =    7.9/s Avg:  3340 Min:    51 Max: 45133 Err:     0 (0.00%) Active: 20 Started: 20 Finished: 0 
2017/06/21 13:58:35 INFO  - jmeter.reporters.Summariser: summary =   1436 in 00:04:19 =    5.6/s Avg:  3388 Min:     5 Max: 53335 Err:     0 (0.00%) 
2017/06/21 14:00:00 INFO  - jmeter.reporters.Summariser: summary +    564 in 00:01:24 =    6.7/s Avg:  2991 Min:    33 Max: 44993 Err:     0 (0.00%) Active: 20 Started: 20 Finished: 0 
2017/06/21 14:00:00 INFO  - jmeter.reporters.Summariser: summary =   2000 in 00:05:43 =    5.8/s Avg:  3276 Min:     5 Max: 53335 Err:     0 (0.00%) 
2017/06/21 14:01:00 INFO  - jmeter.reporters.Summariser: summary +    506 in 00:01:00 =    8.4/s Avg:  2770 Min:     6 Max: 40878 Err:     0 (0.00%) Active: 20 Started: 20 Finished: 0 
2017/06/21 14:01:00 INFO  - jmeter.reporters.Summariser: summary =   2506 in 00:06:43 =    6.2/s Avg:  3174 Min:     5 Max: 53335 Err:     0 (0.00%) 
2017/06/21 14:01:30 INFO  - jmeter.reporters.Summariser: summary +    135 in 00:00:30 =    4.5/s Avg:  2474 Min:     7 Max: 33778 Err:     0 (0.00%) Active: 20 Started: 20 Finished: 0 
2017/06/21 14:01:30 INFO  - jmeter.reporters.Summariser: summary =   2641 in 00:07:13 =    6.1/s Avg:  3138 Min:     5 Max: 53335 Err:     0 (0.00%) 
2017/06/21 14:02:02 INFO  - jmeter.reporters.Summariser: summary +    229 in 00:00:32 =    7.2/s Avg:  3396 Min:     4 Max: 42859 Err:     0 (0.00%) Active: 20 Started: 20 Finished: 0 
2017/06/21 14:02:02 INFO  - jmeter.reporters.Summariser: summary =   2870 in 00:07:45 =    6.2/s Avg:  3159 Min:     4 Max: 53335 Err:     0 (0.00%) 
2017/06/21 14:02:30 INFO  - jmeter.reporters.Summariser: summary +    106 in 00:00:28 =    3.8/s Avg:  2365 Min:     6 Max: 38087 Err:     0 (0.00%) Active: 20 Started: 20 Finished: 0 
2017/06/21 14:02:30 INFO  - jmeter.reporters.Summariser: summary =   2976 in 00:08:13 =    6.0/s Avg:  3130 Min:     4 Max: 53335 Err:     0 (0.00%) 
2017/06/21 14:03:00 INFO  - jmeter.reporters.Summariser: summary +    294 in 00:00:30 =    9.9/s Avg:  2934 Min:     6 Max: 42523 Err:     0 (0.00%) Active: 20 Started: 20 Finished: 0 
2017/06/21 14:03:00 INFO  - jmeter.reporters.Summariser: summary =   3270 in 00:08:43 =    6.3/s Avg:  3113 Min:     4 Max: 53335 Err:     0 (0.00%) 
2017/06/21 14:03:30 INFO  - jmeter.reporters.Summariser: summary +    198 in 00:00:30 =    6.6/s Avg:  3354 Min:     6 Max: 41245 Err:     0 (0.00%) Active: 20 Started: 20 Finished: 0 
2017/06/21 14:03:30 INFO  - jmeter.reporters.Summariser: summary =   3468 in 00:09:13 =    6.3/s Avg:  3127 Min:     4 Max: 53335 Err:     0 (0.00%) 
2017/06/21 14:04:00 INFO  - jmeter.reporters.Summariser: summary +    142 in 00:00:30 =    4.7/s Avg:  3577 Min:     8 Max: 37224 Err:     0 (0.00%) Active: 20 Started: 20 Finished: 0 
2017/06/21 14:04:00 INFO  - jmeter.reporters.Summariser: summary =   3610 in 00:09:43 =    6.2/s Avg:  3144 Min:     4 Max: 53335 Err:     0 (0.00%) 
2017/06/21 14:04:17 INFO  - jmeter.threads.JMeterThread: Stopping because end time detected by thread: Thread Group 1-7 
2017/06/21 14:04:17 INFO  - jmeter.threads.JMeterThread: Thread finished: Thread Group 1-7 
2017/06/21 14:04:17 INFO  - jmeter.threads.JMeterThread: Stopping because end time detected by thread: Thread Group 1-14 
2017/06/21 14:04:17 INFO  - jmeter.threads.JMeterThread: Thread finished: Thread Group 1-14 
2017/06/21 14:04:17 INFO  - jmeter.threads.JMeterThread: Stopping because end time detected by thread: Thread Group 1-10 
2017/06/21 14:04:17 INFO  - jmeter.threads.JMeterThread: Thread finished: Thread Group 1-10 
2017/06/21 14:04:17 INFO  - jmeter.threads.JMeterThread: Stopping because end time detected by thread: Thread Group 1-2 
2017/06/21 14:04:17 INFO  - jmeter.threads.JMeterThread: Thread finished: Thread Group 1-2 
2017/06/21 14:04:17 INFO  - jmeter.threads.JMeterThread: Stopping because end time detected by thread: Thread Group 1-6 
2017/06/21 14:04:17 INFO  - jmeter.threads.JMeterThread: Thread finished: Thread Group 1-6 
2017/06/21 14:04:18 INFO  - jmeter.threads.JMeterThread: Stopping because end time detected by thread: Thread Group 1-5 
2017/06/21 14:04:18 INFO  - jmeter.threads.JMeterThread: Thread finished: Thread Group 1-5 
2017/06/21 14:04:18 INFO  - jmeter.threads.JMeterThread: Stopping because end time detected by thread: Thread Group 1-4 
2017/06/21 14:04:18 INFO  - jmeter.threads.JMeterThread: Thread finished: Thread Group 1-4 
2017/06/21 14:04:19 INFO  - jmeter.threads.JMeterThread: Stopping because end time detected by thread: Thread Group 1-8 
2017/06/21 14:04:19 INFO  - jmeter.threads.JMeterThread: Thread finished: Thread Group 1-8 
2017/06/21 14:04:19 INFO  - jmeter.threads.JMeterThread: Stopping because end time detected by thread: Thread Group 1-13 
2017/06/21 14:04:19 INFO  - jmeter.threads.JMeterThread: Thread finished: Thread Group 1-13 
2017/06/21 14:04:19 INFO  - jmeter.threads.JMeterThread: Stopping because end time detected by thread: Thread Group 1-16 
2017/06/21 14:04:19 INFO  - jmeter.threads.JMeterThread: Thread finished: Thread Group 1-16 
2017/06/21 14:04:21 INFO  - jmeter.threads.JMeterThread: Stopping because end time detected by thread: Thread Group 1-3 
2017/06/21 14:04:21 INFO  - jmeter.threads.JMeterThread: Thread finished: Thread Group 1-3 
2017/06/21 14:04:29 INFO  - jmeter.threads.JMeterThread: Stopping because end time detected by thread: Thread Group 1-18 
2017/06/21 14:04:29 INFO  - jmeter.threads.JMeterThread: Thread finished: Thread Group 1-18 
2017/06/21 14:04:30 INFO  - jmeter.reporters.Summariser: summary +    289 in 00:00:30 =    9.8/s Avg:  2141 Min:     5 Max: 35731 Err:     1 (0.35%) Active: 8 Started: 20 Finished: 12 
2017/06/21 14:04:30 INFO  - jmeter.reporters.Summariser: summary =   3899 in 00:10:13 =    6.4/s Avg:  3070 Min:     4 Max: 53335 Err:     1 (0.03%) 
2017/06/21 14:04:30 INFO  - jmeter.threads.JMeterThread: Stopping because end time detected by thread: Thread Group 1-17 
2017/06/21 14:04:30 INFO  - jmeter.threads.JMeterThread: Thread finished: Thread Group 1-17 
2017/06/21 14:04:30 INFO  - jmeter.threads.JMeterThread: Stopping because end time detected by thread: Thread Group 1-20 
2017/06/21 14:04:30 INFO  - jmeter.threads.JMeterThread: Thread finished: Thread Group 1-20 
2017/06/21 14:04:30 INFO  - jmeter.threads.JMeterThread: Stopping because end time detected by thread: Thread Group 1-1 
2017/06/21 14:04:30 INFO  - jmeter.threads.JMeterThread: Thread finished: Thread Group 1-1 
2017/06/21 14:04:30 INFO  - jmeter.threads.JMeterThread: Stopping because end time detected by thread: Thread Group 1-11 
2017/06/21 14:04:30 INFO  - jmeter.threads.JMeterThread: Thread finished: Thread Group 1-11 
2017/06/21 14:04:31 INFO  - jmeter.threads.JMeterThread: Stopping because end time detected by thread: Thread Group 1-12 
2017/06/21 14:04:31 INFO  - jmeter.threads.JMeterThread: Thread finished: Thread Group 1-12 
2017/06/21 14:04:31 INFO  - jmeter.threads.JMeterThread: Stopping because end time detected by thread: Thread Group 1-9 
2017/06/21 14:04:31 INFO  - jmeter.threads.JMeterThread: Thread finished: Thread Group 1-9 
2017/06/21 14:04:31 INFO  - jmeter.threads.JMeterThread: Stopping because end time detected by thread: Thread Group 1-15 
2017/06/21 14:04:31 INFO  - jmeter.threads.JMeterThread: Thread finished: Thread Group 1-15 
2017/06/21 14:04:31 INFO  - jmeter.threads.JMeterThread: Stopping because end time detected by thread: Thread Group 1-19 
2017/06/21 14:04:31 INFO  - jmeter.threads.JMeterThread: Thread finished: Thread Group 1-19 
2017/06/21 14:04:31 INFO  - jmeter.engine.StandardJMeterEngine: Notifying test listeners of end of test 
2017/06/21 14:04:31 INFO  - jmeter.services.FileServer: Close: /home/dushanshan/文档/jmeterTestCase/pyworkplace_dss_bk_0531/ReadandUpdatejmx/verifysum/configData/shijue.csv 
2017/06/21 14:04:31 INFO  - jmeter.reporters.Summariser: summary +      7 in 00:00:02 =    4.5/s Avg: 19220 Min: 15452 Max: 20963 Err:     0 (0.00%) Active: 0 Started: 20 Finished: 20 
2017/06/21 14:04:31 INFO  - jmeter.reporters.Summariser: summary =   3906 in 00:10:14 =    6.4/s Avg:  3099 Min:     4 Max: 53335 Err:     1 (0.03%) 
